<?xml version="1.0" encoding="UTF-8"?>
<!-- Generated by org.testng.reporters.JUnitReportReporter -->
<testsuite hostname="DESKTOP-G8B6IEI" failures="0" tests="2" name="com.shoplocal.testCases.CartCheckoutPageTest" time="89.230" errors="0" timestamp="2023-09-06T21:18:00 IST" skipped="0">
  <testcase classname="com.shoplocal.testCases.CartCheckoutPageTest" name="verifyTotalPrice" time="44.422"/>
  <testcase classname="com.shoplocal.testCases.CartCheckoutPageTest" name="switchTabAndProductAvailability" time="44.808"/>
</testsuite> <!-- com.shoplocal.testCases.CartCheckoutPageTest -->
