<?xml version="1.0" encoding="UTF-8"?>
<!-- Generated by org.testng.reporters.JUnitReportReporter -->
<testsuite hostname="DESKTOP-G8B6IEI" failures="0" tests="1" name="com.shoplocal.testCases.EndToEndTest" time="57.120" errors="0" timestamp="2023-09-06T21:18:00 IST" skipped="0">
  <testcase classname="com.shoplocal.testCases.EndToEndTest" name="endToendTest" time="57.120"/>
</testsuite> <!-- com.shoplocal.testCases.EndToEndTest -->
